-- Logs begin at Sun 2021-04-18 21:18:48 CST, end at Sun 2021-04-25 14:44:19 CST. --
Apr 25 14:43:20 VM-0-7-ubuntu bundle[968910]: [0dee512d-0dc1-4856-bd32-49ed4b5d9793] method=POST path=/inbox format=html controller=ActivityPub::InboxesController action=create status=202 duration=19.41 view=0.00 db=1.25 key=https://mastodon-relay.moew.science/actor
Apr 25 14:43:23 VM-0-7-ubuntu bundle[968910]: [13de443f-5352-4bbf-9f16-fa664ebfbcec] method=GET path=/@ruanyf/104645749189545098 format=html controller=StatusesController action=show status=200 duration=101.96 view=67.09 db=23.92
Apr 25 14:43:25 VM-0-7-ubuntu bundle[968910]: [ba994a65-63a9-4ad3-abe0-0aa73ff01593] method=GET path=/@banqiao format=*/* controller=AccountsController action=show status=200 duration=419.22 view=131.05 db=180.89
Apr 25 14:43:26 VM-0-7-ubuntu bundle[968910]: [a45fb298-eec2-43db-985b-59b4d7ce9b47] method=POST path=/inbox format=html controller=ActivityPub::InboxesController action=create status=202 duration=18.57 view=0.00 db=2.38 key=https://alive.bar/users/Cicisocontrary#main-key
Apr 25 14:43:27 VM-0-7-ubuntu bundle[968910]: [7b373f35-5b65-49b5-87c1-b381c3605412] method=GET path=/@BlueObserver/104914535206757154 format=*/* controller=StatusesController action=show status=200 duration=75.48 view=45.49 db=18.03
Apr 25 14:43:28 VM-0-7-ubuntu bundle[968910]: [db43e877-e1a7-487a-896e-46990e9c08fb] method=GET path=/@ruanyf/104651765028155061 format=html controller=StatusesController action=show status=200 duration=56.40 view=40.19 db=9.04
Apr 25 14:43:30 VM-0-7-ubuntu bundle[968910]: [a9a388ac-b632-45f7-83b8-cfcf31ba2856] method=POST path=/actor/inbox format=html controller=ActivityPub::InboxesController action=create status=202 duration=16.41 view=0.00 db=1.50 key=https://relay.mstdn-jp.site/actor#main-key
Apr 25 14:43:32 VM-0-7-ubuntu bundle[968910]: [06a0633a-c8aa-4122-8d6d-1d2878fdb0e7] method=POST path=/actor/inbox format=html controller=ActivityPub::InboxesController action=create status=202 duration=15.20 view=0.00 db=1.34 key=https://relay.mstdn-jp.site/actor#main-key
Apr 25 14:43:33 VM-0-7-ubuntu bundle[968910]: [1ea7bee3-b0e6-4bf5-9c5f-818584da2f33] method=GET path=/@mashiro/104597399880051626 format=html controller=StatusesController action=show status=200 duration=182.01 view=85.10 db=45.49
Apr 25 14:43:33 VM-0-7-ubuntu bundle[968914]: [15a0bcf7-22e9-4758-b2f2-32c161c0d96c] method=GET path=/@ruanyf/104651765055429209 format=html controller=StatusesController action=show status=200 duration=103.52 view=71.84 db=21.09
Apr 25 14:43:36 VM-0-7-ubuntu bundle[968910]: [55e4d766-502a-4903-9e53-eda7de405cdf] method=POST path=/inbox format=html controller=ActivityPub::InboxesController action=create status=202 duration=8.08 view=0.00 db=1.28 key=https://pipou.academy/users/zederedzd#main-key
Apr 25 14:43:37 VM-0-7-ubuntu bundle[968910]: [00d5d8ea-f4ef-4f22-9009-5d4466428ac2] method=POST path=/inbox format=html controller=ActivityPub::InboxesController action=create status=202 duration=24.12 view=0.00 db=3.50 key=https://neko-relay.com/actor
Apr 25 14:43:37 VM-0-7-ubuntu bundle[968914]: [e6bfc531-afff-4f3a-8fed-d0d7a8c44cc6] method=POST path=/inbox format=html controller=ActivityPub::InboxesController action=create status=202 duration=31.70 view=0.00 db=7.39 key=https://mastodon-relay.moew.science/actor
Apr 25 14:43:37 VM-0-7-ubuntu bundle[968914]: [6e32579d-29e3-448b-97d7-9439ea7582b7] method=POST path=/inbox format=html controller=ActivityPub::InboxesController action=create status=202 duration=18.67 view=0.00 db=1.29 key=https://mastodon-relay.moew.science/actor
Apr 25 14:43:37 VM-0-7-ubuntu bundle[968914]: [c362b5ef-ecea-4c7c-b20a-6f2bab1ab0de] method=POST path=/inbox format=html controller=ActivityPub::InboxesController action=create status=202 duration=25.57 view=0.00 db=1.54 key=https://pawoo.net/users/sehoke#main-key
Apr 25 14:43:38 VM-0-7-ubuntu bundle[968914]: [adc661a5-ed71-4931-9ea5-ff147d3ccd30] method=GET path=/@hsqsl/105416787313604371 format=html controller=StatusesController action=show status=200 duration=100.70 view=58.49 db=29.31
Apr 25 14:43:38 VM-0-7-ubuntu bundle[968914]: [cddcfddd-cc48-444b-b4c8-dd17991f9667] method=GET path=/@ruanyf/104662499828715646 format=html controller=StatusesController action=show status=200 duration=156.82 view=57.95 db=72.63
Apr 25 14:43:38 VM-0-7-ubuntu bundle[968914]: [3e865ff3-50e7-49ee-924d-c5a7d5bf72c2] method=POST path=/inbox format=html controller=ActivityPub::InboxesController action=create status=202 duration=14.72 view=0.00 db=1.49 key=https://douchi.space/users/noodlehead#main-key
Apr 25 14:43:39 VM-0-7-ubuntu bundle[968914]: [8160675e-b19c-4ad8-a05b-2023398f4522] method=POST path=/inbox format=html controller=ActivityPub::InboxesController action=create status=202 duration=15.82 view=0.00 db=2.36 key=https://pawoo.net/users/funyariko#main-key
Apr 25 14:43:40 VM-0-7-ubuntu bundle[968914]: [b48e79fb-da68-4b97-a7a9-a914d5c188b2] method=POST path=/inbox format=html controller=ActivityPub::InboxesController action=create status=202 duration=17.66 view=0.00 db=2.75 key=https://pawoo.net/users/silenxe#main-key
Apr 25 14:43:42 VM-0-7-ubuntu bundle[968914]: [52dba950-481c-4171-b96d-35c79f370cde] method=POST path=/inbox format=html controller=ActivityPub::InboxesController action=create status=202 duration=15.82 view=0.00 db=2.57 key=https://onlycasino.legal/users/blackjack#main-key
Apr 25 14:43:43 VM-0-7-ubuntu bundle[968914]: [6286217b-7076-41f3-9e8c-7f6943d5cca3] method=GET path=/@ruanyf/104665802970595277 format=html controller=StatusesController action=show status=200 duration=56.33 view=38.02 db=11.15
Apr 25 14:43:44 VM-0-7-ubuntu bundle[968914]: [5d029be1-023d-40bf-b1e8-2695e2e57459] method=POST path=/actor/inbox format=html controller=ActivityPub::InboxesController action=create status=202 duration=16.01 view=0.00 db=1.40 key=https://relay.mstdn-jp.site/actor#main-key
Apr 25 14:43:46 VM-0-7-ubuntu bundle[968910]: [9bc662d9-896b-4723-a9d2-0e535f3fc0d2] method=POST path=/inbox format=html controller=ActivityPub::InboxesController action=create status=202 duration=26.97 view=0.00 db=4.91 key=https://9kb.me/users/chouti#main-key
Apr 25 14:43:46 VM-0-7-ubuntu bundle[968914]: [a5cb1c00-38d5-43ea-8cba-0bf20308d17b] method=GET path=/@ithome/104890683816885083 format=*/* controller=StatusesController action=show status=200 duration=142.00 view=120.31 db=13.75
Apr 25 14:43:46 VM-0-7-ubuntu bundle[968914]: [57facd76-5a21-4112-b05f-9bbd62b7b495] method=POST path=/actor/inbox format=html controller=ActivityPub::InboxesController action=create status=202 duration=15.47 view=0.00 db=1.25 key=https://relay.mstdn-jp.site/actor#main-key
Apr 25 14:43:46 VM-0-7-ubuntu bundle[968914]: [b7c358ee-951d-4152-9ca3-6c1daa3192a9] method=POST path=/inbox format=html controller=ActivityPub::InboxesController action=create status=202 duration=16.16 view=0.00 db=1.14 key=https://neko-relay.com/actor
Apr 25 14:43:47 VM-0-7-ubuntu bundle[968914]: [807d8767-3af4-4ccc-a3e4-9031013cd83e] method=GET path=/@ruanyf/104665803958291084 format=html controller=StatusesController action=show status=200 duration=60.84 view=47.51 db=6.54
Apr 25 14:43:52 VM-0-7-ubuntu bundle[968914]: [f517f6e0-cdd9-4bef-999c-22194beb758c] method=GET path=/@ruanyf/104687980267812151 format=html controller=StatusesController action=show status=200 duration=63.34 view=47.13 db=8.63
Apr 25 14:43:56 VM-0-7-ubuntu bundle[968914]: [3e87aa19-6ce6-4b28-b580-dcf17ce0ac02] method=POST path=/actor/inbox format=html controller=ActivityPub::InboxesController action=create status=202 duration=15.24 view=0.00 db=1.34 key=https://relay.mstdn-jp.site/actor#main-key
Apr 25 14:43:57 VM-0-7-ubuntu bundle[968914]: [0657705d-2b1c-437f-835b-3b3c90907add] method=GET path=/@ruanyf/104699540786124991 format=html controller=StatusesController action=show status=200 duration=55.82 view=37.76 db=9.27
Apr 25 14:43:58 VM-0-7-ubuntu bundle[968910]: [dc4c9653-6c5a-408e-96ac-48dcb30c9cb4] method=POST path=/inbox format=html controller=ActivityPub::InboxesController action=create status=202 duration=24.35 view=0.00 db=1.32 key=https://mastodon-relay.moew.science/actor
Apr 25 14:43:58 VM-0-7-ubuntu bundle[968914]: [1d50c491-7871-4e5c-8374-0229db261d0d] method=GET path=/@lanjinger format=*/* controller=AccountsController action=show status=200 duration=634.64 view=439.83 db=94.06
Apr 25 14:43:59 VM-0-7-ubuntu bundle[968914]: [4f49f163-5e7d-459c-a488-57af0a9c0799] method=POST path=/inbox format=html controller=ActivityPub::InboxesController action=create status=202 duration=39.20 view=0.00 db=2.17 key=https://o3o.ca/users/nani_HaiYa#main-key
Apr 25 14:44:01 VM-0-7-ubuntu bundle[968910]: [0d292b44-b639-424a-a30a-e1ac9273077d] method=POST path=/inbox format=html controller=ActivityPub::InboxesController action=create status=202 duration=34.38 view=0.00 db=3.33 key=https://neckbeard.xyz/users/Hornybot#main-key
Apr 25 14:44:01 VM-0-7-ubuntu bundle[968914]: [59c8fb86-115d-43ac-92cf-7b489be3ec2b] method=GET path=/@shen1/105021820837659417 format=*/* controller=StatusesController action=show status=200 duration=263.58 view=225.40 db=22.98
Apr 25 14:44:01 VM-0-7-ubuntu bundle[968914]: [cfcd0422-bcdc-4d78-9232-bdf85051cea6] method=POST path=/inbox format=html controller=ActivityPub::InboxesController action=create status=202 duration=21.35 view=0.00 db=1.82 key=https://mastodon-relay.moew.science/actor
Apr 25 14:44:02 VM-0-7-ubuntu bundle[968910]: [5a64f937-6ee4-4e9c-b6eb-2e45a6fb1cfa] method=GET path=/api/v1/accounts/4/followers format=*/* controller=Api::V1::Accounts::FollowerAccountsController action=index status=200 duration=387.52 view=137.11 db=230.07
Apr 25 14:44:02 VM-0-7-ubuntu bundle[968914]: [a0098163-24a2-48e3-8a41-d4d0c7631940] method=GET path=/@ruanyf/104705911145546442 format=html controller=StatusesController action=show status=200 duration=79.20 view=54.67 db=15.93
Apr 25 14:44:04 VM-0-7-ubuntu bundle[968910]: [47fb549b-ba27-4534-8533-df8ccf78d084] method=POST path=/inbox format=html controller=ActivityPub::InboxesController action=create status=202 duration=158.44 view=0.00 db=103.64 key=https://wxw.moe/users/universalfox#main-key
Apr 25 14:44:04 VM-0-7-ubuntu bundle[968910]: [17ccd5ff-df3e-4101-9e8d-3dc4bd100cd6] method=POST path=/inbox format=html controller=ActivityPub::InboxesController action=create status=202 duration=118.25 view=0.00 db=12.71 key=https://mastodon-relay.moew.science/actor
Apr 25 14:44:04 VM-0-7-ubuntu bundle[968910]: [c695f141-b0ee-4089-b0bb-669ecb6566fa] method=POST path=/inbox format=html controller=ActivityPub::InboxesController action=create status=202 duration=91.40 view=0.00 db=5.24 key=https://b.z0ne.social/users/SinonBot#main-key
Apr 25 14:44:04 VM-0-7-ubuntu bundle[968914]: [1131cf64-7fbd-46e2-a430-7fb30728a51d] method=GET path=/@ReDive format=html controller=AccountsController action=show status=200 duration=1516.78 view=1050.79 db=197.58
Apr 25 14:44:04 VM-0-7-ubuntu bundle[968910]: [048f364c-8a17-429c-9da9-92de86d705fd] method=POST path=/inbox format=html controller=ActivityPub::InboxesController action=create status=202 duration=33.54 view=0.00 db=1.24 key=https://neko-relay.com/actor
Apr 25 14:44:04 VM-0-7-ubuntu bundle[968914]: [54e41616-8629-42fb-b5ad-68a24f6f8a32] method=GET path=/@lanjinger/media format=*/* controller=AccountsController action=show status=200 duration=5460.78 view=427.67 db=4432.84
Apr 25 14:44:05 VM-0-7-ubuntu bundle[968914]: [c0fabae0-99f0-4b01-bfb1-dbf1f8ba8bba] method=POST path=/inbox format=html controller=ActivityPub::InboxesController action=create status=202 duration=20.12 view=0.00 db=3.55 key=https://bgme.me/users/Reiki#main-key
Apr 25 14:44:05 VM-0-7-ubuntu bundle[968914]: [2042de17-15a2-4692-a03e-39e914ed6f23] method=POST path=/actor/inbox format=html controller=ActivityPub::InboxesController action=create status=202 duration=28.98 view=0.00 db=1.15 key=https://relay.mstdn-jp.site/actor#main-key
Apr 25 14:44:06 VM-0-7-ubuntu bundle[968914]: [7b7add1a-f625-41bd-92ee-ea796ce88296] method=GET path=/@purplemacaroon/105446549230578689 format=html controller=StatusesController action=show status=200 duration=74.91 view=52.69 db=13.75
Apr 25 14:44:06 VM-0-7-ubuntu bundle[968914]: [fc7313a8-b425-483f-bcfa-ec1022f72325] method=GET path=/@ruanyf/104725021267192645 format=html controller=StatusesController action=show status=200 duration=134.33 view=88.96 db=29.99
Apr 25 14:44:07 VM-0-7-ubuntu bundle[968914]: [66d66fe3-a0b8-40a2-bd0d-28da4527e157] method=GET path=/tags/%E8%8E%AB%E8%A8%80%E7%94%A8%E6%96%B9%E8%A8%80%E8%AF%BB%E6%99%9A%E7%86%9F%E7%9A%84%E4%BA%BA format=*/* controller=TagsController action=show status=200 duration=40.35 view=32.25 db=2.88
Apr 25 14:44:08 VM-0-7-ubuntu bundle[968914]: [b696e289-d933-4b0d-8034-a932a6d3800c] method=GET path=/@sb/105672515837837688 format=*/* controller=StatusesController action=show status=200 duration=101.93 view=69.03 db=22.10
Apr 25 14:44:09 VM-0-7-ubuntu bundle[968914]: [bca479be-1aeb-4885-8e0b-17cea45f1066] method=GET path=/api/v1/timelines/tag/%E8%8E%AB%E8%A8%80%E7%94%A8%E6%96%B9%E8%A8%80%E8%AF%BB%E6%99%9A%E7%86%9F%E7%9A%84%E4%BA%BA format=*/* controller=Api::V1::Timelines::TagController action=show status=200 duration=65.68 view=19.74 db=22.03
Apr 25 14:44:10 VM-0-7-ubuntu bundle[968914]: [f9898dd4-8af3-467d-be5b-f3923a148d9b] method=GET path=/api/v1/timelines/tag/%E8%8E%AB%E8%A8%80%E7%94%A8%E6%96%B9%E8%A8%80%E8%AF%BB%E6%99%9A%E7%86%9F%E7%9A%84%E4%BA%BA format=*/* controller=Api::V1::Timelines::TagController action=show status=200 duration=9.59 view=0.64 db=2.18
Apr 25 14:44:11 VM-0-7-ubuntu bundle[968914]: [919e0093-4e8c-4eef-8124-2b9ee2b8b891] method=GET path=/@ruanyf/104753765409705591 format=html controller=StatusesController action=show status=200 duration=60.79 view=43.47 db=9.31
Apr 25 14:44:13 VM-0-7-ubuntu bundle[968914]: [af2a3eae-668f-4ec9-b2e7-df46bb90f562] method=GET path=/@BlueObserver/105400926332197804 format=html controller=StatusesController action=show status=200 duration=81.20 view=51.50 db=17.56
Apr 25 14:44:14 VM-0-7-ubuntu bundle[968910]: [87117ffb-9cac-41cf-a602-58c8de0e5120] method=POST path=/inbox format=html controller=ActivityPub::InboxesController action=create status=202 duration=28.56 view=0.00 db=2.82 key=https://newsbots.eu/users/reuters_worldnews#main-key
Apr 25 14:44:14 VM-0-7-ubuntu bundle[968914]: [cdba945a-a5ed-4a0c-b212-18d5a6a29412] method=GET path=/@apatite format=html controller=AccountsController action=show status=200 duration=383.43 view=181.59 db=125.91
Apr 25 14:44:14 VM-0-7-ubuntu bundle[968914]: [e2a7b1ab-9ba0-486a-8abd-e92af9c57be6] method=GET path=/@mashiro/104562469004226815 format=html controller=StatusesController action=show status=200 duration=98.77 view=55.88 db=20.64
Apr 25 14:44:16 VM-0-7-ubuntu bundle[968914]: [30a47580-4ca3-4749-86f6-515feb3d2121] method=POST path=/actor/inbox format=html controller=ActivityPub::InboxesController action=create status=202 duration=23.40 view=0.00 db=5.25 key=https://relay.mstdn-jp.site/actor#main-key
Apr 25 14:44:16 VM-0-7-ubuntu bundle[968914]: [d932ed95-387e-4da8-8178-5779243ed5f2] method=GET path=/@ruanyf/104764067955707343 format=html controller=StatusesController action=show status=200 duration=60.89 view=44.13 db=9.18
Apr 25 14:44:19 VM-0-7-ubuntu bundle[968914]: [c8ce2604-776d-49f1-bc68-bae67b922ba3] method=POST path=/actor/inbox format=html controller=ActivityPub::InboxesController action=create status=202 duration=18.36 view=0.00 db=1.16 key=https://relay.mstdn-jp.site/actor#main-key
Apr 25 14:44:19 VM-0-7-ubuntu bundle[968914]: [7e3805e4-a181-4443-b4b8-c5ef40c12648] method=POST path=/inbox format=html controller=ActivityPub::InboxesController action=create status=202 duration=15.70 view=0.00 db=1.37 key=https://pawoo.net/users/sehoke#main-key
